---- Creating EKS cluster ----
2025-10-21 05:49:32 [ℹ]  eksctl version 0.215.0
2025-10-21 05:49:32 [ℹ]  using region sa-east-1
2025-10-21 05:49:33 [ℹ]  setting availability zones to [sa-east-1c sa-east-1a sa-east-1b]
2025-10-21 05:49:33 [ℹ]  subnets for sa-east-1c - public:192.168.0.0/19 private:192.168.96.0/19
2025-10-21 05:49:33 [ℹ]  subnets for sa-east-1a - public:192.168.32.0/19 private:192.168.128.0/19
2025-10-21 05:49:33 [ℹ]  subnets for sa-east-1b - public:192.168.64.0/19 private:192.168.160.0/19
2025-10-21 05:49:33 [ℹ]  nodegroup "demo-nodegroup" will use "" [AmazonLinux2023/1.31]
2025-10-21 05:49:33 [!]  Auto Mode will be enabled by default in an upcoming release of eksctl. This means managed node groups and managed networking add-ons will no longer be created by default. To maintain current behavior, explicitly set 'autoModeConfig.enabled: false' in your cluster configuration. Learn more: https://eksctl.io/usage/auto-mode/
2025-10-21 05:49:33 [ℹ]  using Kubernetes version 1.31
2025-10-21 05:49:33 [ℹ]  creating EKS cluster "demo-eks" in "sa-east-1" region with managed nodes
2025-10-21 05:49:33 [ℹ]  will create 2 separate CloudFormation stacks for cluster itself and the initial managed nodegroup
2025-10-21 05:49:33 [ℹ]  if you encounter any issues, check CloudFormation console or try 'eksctl utils describe-stacks --region=sa-east-1 --cluster=demo-eks'
2025-10-21 05:49:33 [ℹ]  Kubernetes API endpoint access will use default of {publicAccess=true, privateAccess=false} for cluster "demo-eks" in "sa-east-1"
2025-10-21 05:49:33 [ℹ]  CloudWatch logging will not be enabled for cluster "demo-eks" in "sa-east-1"
2025-10-21 05:49:33 [ℹ]  you can enable it with 'eksctl utils update-cluster-logging --enable-types={SPECIFY-YOUR-LOG-TYPES-HERE (e.g. all)} --region=sa-east-1 --cluster=demo-eks'
2025-10-21 05:49:33 [ℹ]  default addons metrics-server, vpc-cni, kube-proxy, coredns were not specified, will install them as EKS addons
2025-10-21 05:49:33 [ℹ]  
2 sequential tasks: { create cluster control plane "demo-eks", 
    2 sequential sub-tasks: { 
        2 sequential sub-tasks: { 
            1 task: { create addons },
            wait for control plane to become ready,
        },
        create managed nodegroup "demo-nodegroup",
    } 
}
2025-10-21 05:49:33 [ℹ]  building cluster stack "eksctl-demo-eks-cluster"
2025-10-21 05:49:33 [ℹ]  deploying stack "eksctl-demo-eks-cluster"
2025-10-21 05:50:03 [ℹ]  waiting for CloudFormation stack "eksctl-demo-eks-cluster"
2025-10-21 05:50:33 [ℹ]  waiting for CloudFormation stack "eksctl-demo-eks-cluster"
2025-10-21 05:51:33 [ℹ]  waiting for CloudFormation stack "eksctl-demo-eks-cluster"
2025-10-21 05:52:33 [ℹ]  waiting for CloudFormation stack "eksctl-demo-eks-cluster"
2025-10-21 05:53:33 [ℹ]  waiting for CloudFormation stack "eksctl-demo-eks-cluster"
2025-10-21 05:54:33 [ℹ]  waiting for CloudFormation stack "eksctl-demo-eks-cluster"
2025-10-21 05:55:33 [ℹ]  waiting for CloudFormation stack "eksctl-demo-eks-cluster"
2025-10-21 05:56:33 [ℹ]  waiting for CloudFormation stack "eksctl-demo-eks-cluster"
2025-10-21 05:57:33 [ℹ]  waiting for CloudFormation stack "eksctl-demo-eks-cluster"
2025-10-21 05:58:33 [ℹ]  waiting for CloudFormation stack "eksctl-demo-eks-cluster"
2025-10-21 05:58:34 [ℹ]  creating addon: metrics-server
2025-10-21 05:58:34 [ℹ]  successfully created addon: metrics-server
2025-10-21 05:58:35 [!]  recommended policies were found for "vpc-cni" addon, but since OIDC is disabled on the cluster, eksctl cannot configure the requested permissions; the recommended way to provide IAM permissions for "vpc-cni" addon is via pod identity associations; after addon creation is completed, add all recommended policies to the config file, under `addon.PodIdentityAssociations`, and run `eksctl update addon`
2025-10-21 05:58:35 [ℹ]  creating addon: vpc-cni
2025-10-21 05:58:35 [ℹ]  successfully created addon: vpc-cni
2025-10-21 05:58:36 [ℹ]  creating addon: kube-proxy
2025-10-21 05:58:36 [ℹ]  successfully created addon: kube-proxy
2025-10-21 05:58:36 [ℹ]  creating addon: coredns
2025-10-21 05:58:36 [ℹ]  successfully created addon: coredns
2025-10-21 06:00:37 [ℹ]  building managed nodegroup stack "eksctl-demo-eks-nodegroup-demo-nodegroup"
2025-10-21 06:00:37 [ℹ]  deploying stack "eksctl-demo-eks-nodegroup-demo-nodegroup"
2025-10-21 06:00:37 [ℹ]  waiting for CloudFormation stack "eksctl-demo-eks-nodegroup-demo-nodegroup"
2025-10-21 06:01:07 [ℹ]  waiting for CloudFormation stack "eksctl-demo-eks-nodegroup-demo-nodegroup"
2025-10-21 06:01:53 [ℹ]  waiting for CloudFormation stack "eksctl-demo-eks-nodegroup-demo-nodegroup"
2025-10-21 06:03:47 [ℹ]  waiting for CloudFormation stack "eksctl-demo-eks-nodegroup-demo-nodegroup"
2025-10-21 06:03:47 [ℹ]  waiting for the control plane to become ready
2025-10-21 06:03:47 [✔]  saved kubeconfig as "/home/ubuntu/.kube/config"
2025-10-21 06:03:47 [ℹ]  no tasks
2025-10-21 06:03:47 [✔]  all EKS cluster resources for "demo-eks" have been created
2025-10-21 06:03:48 [ℹ]  nodegroup "demo-nodegroup" has 5 node(s)
2025-10-21 06:03:48 [ℹ]  node "ip-192-168-13-173.sa-east-1.compute.internal" is ready
2025-10-21 06:03:48 [ℹ]  node "ip-192-168-55-13.sa-east-1.compute.internal" is ready
2025-10-21 06:03:48 [ℹ]  node "ip-192-168-61-61.sa-east-1.compute.internal" is ready
2025-10-21 06:03:48 [ℹ]  node "ip-192-168-64-165.sa-east-1.compute.internal" is ready
2025-10-21 06:03:48 [ℹ]  node "ip-192-168-70-200.sa-east-1.compute.internal" is ready
2025-10-21 06:03:48 [ℹ]  waiting for at least 5 node(s) to become ready in "demo-nodegroup"
2025-10-21 06:03:48 [ℹ]  nodegroup "demo-nodegroup" has 5 node(s)
2025-10-21 06:03:48 [ℹ]  node "ip-192-168-13-173.sa-east-1.compute.internal" is ready
2025-10-21 06:03:48 [ℹ]  node "ip-192-168-55-13.sa-east-1.compute.internal" is ready
2025-10-21 06:03:48 [ℹ]  node "ip-192-168-61-61.sa-east-1.compute.internal" is ready
2025-10-21 06:03:48 [ℹ]  node "ip-192-168-64-165.sa-east-1.compute.internal" is ready
2025-10-21 06:03:48 [ℹ]  node "ip-192-168-70-200.sa-east-1.compute.internal" is ready
2025-10-21 06:03:48 [✔]  created 1 managed nodegroup(s) in cluster "demo-eks"
2025-10-21 06:03:49 [ℹ]  kubectl command should work with "/home/ubuntu/.kube/config", try 'kubectl get nodes'
2025-10-21 06:03:49 [✔]  EKS cluster "demo-eks" in "sa-east-1" region is ready
---- Configuring kubeconfig ----
Added new context arn:aws:eks:sa-east-1:636768524979:cluster/demo-eks to /home/ubuntu/.kube/config
EKS cluster created and kubeconfig configured.
