---- Preparing microservices demo repository ----
Cloning repository from new-elk...
---- Applying Kubernetes manifests ----
service/adservice created
service/cartservice created
service/checkoutservice created
service/currencyservice created
service/emailservice created
service/frontend created
service/frontend-external created
service/paymentservice created
service/productcatalogservice created
service/recommendationservice created
service/redis-cart created
service/shippingservice created
deployment.apps/adservice created
deployment.apps/cartservice created
deployment.apps/checkoutservice created
deployment.apps/currencyservice created
deployment.apps/emailservice created
deployment.apps/frontend created
deployment.apps/paymentservice created
deployment.apps/productcatalogservice created
deployment.apps/recommendationservice created
deployment.apps/redis-cart created
deployment.apps/shippingservice created
---- Script completed successfully ----
