===== SETTING UP NGINX INGRESS CONTROLLER =====
namespace/ingress-nginx configured
Adding NGINX Helm repository...
"ingress-nginx" has been added to your repositories
Hang tight while we grab the latest from your chart repositories...
...Successfully got an update from the "ingress-nginx" chart repository
Update Complete. ⎈Happy Helming!⎈
Installing NGINX Ingress Controller...
Release "ingress-nginx" does not exist. Installing it now.
NAME: ingress-nginx
LAST DEPLOYED: Tue Oct 21 07:39:27 2025
NAMESPACE: ingress-nginx
STATUS: deployed
REVISION: 1
TEST SUITE: None
NOTES:
The ingress-nginx controller has been installed.
It may take a few minutes for the load balancer IP to be available.
You can watch the status by running 'kubectl get service --namespace ingress-nginx ingress-nginx-controller --output wide --watch'

An example Ingress that makes use of the controller:
  apiVersion: networking.k8s.io/v1
  kind: Ingress
  metadata:
    name: example
    namespace: foo
  spec:
    ingressClassName: nginx
    rules:
      - host: www.example.com
        http:
          paths:
            - pathType: Prefix
              backend:
                service:
                  name: exampleService
                  port:
                    number: 80
              path: /
    # This section is only required if TLS is to be enabled for the Ingress
    tls:
      - hosts:
        - www.example.com
        secretName: example-tls

If TLS is enabled for the Ingress, a Secret containing the certificate and key must also be provided:

  apiVersion: v1
  kind: Secret
  metadata:
    name: example-tls
    namespace: foo
  data:
    tls.crt: <base64 encoded cert>
    tls.key: <base64 encoded key>
  type: kubernetes.io/tls
Waiting for NGINX Ingress to be ready...
pod/ingress-nginx-controller-6b97986657-4bxs5 condition met
===== DEPLOYMENT STATUS =====
NAME                                        READY   STATUS    RESTARTS   AGE
ingress-nginx-controller-6b97986657-4bxs5   1/1     Running   0          59s
NAME                                 TYPE           CLUSTER-IP       EXTERNAL-IP                                                              PORT(S)                      AGE
ingress-nginx-controller             LoadBalancer   10.100.188.187   ab49a3deded3c471fa21b9e3999b8d5a-725197146.sa-east-1.elb.amazonaws.com   80:32659/TCP,443:32340/TCP   60s
ingress-nginx-controller-admission   ClusterIP      10.100.77.211    <none>                                                                   443/TCP                      60s
===== NGINX INGRESS CONTROLLER READY =====
